current directory: /workspace/rails_app/transport/box/gems/ox-2.10.0/ext/ox
/usr/local/bin/ruby -r ./siteconf20181203-10-93d64g.rb extconf.rb
>>>>> Creating Makefile for ruby version 2.5.3 on x86_64-linux <<<<<
creating Makefile

current directory: /workspace/rails_app/transport/box/gems/ox-2.10.0/ext/ox
make "DESTDIR=" clean

current directory: /workspace/rails_app/transport/box/gems/ox-2.10.0/ext/ox
make "DESTDIR="
compiling base64.c
compiling builder.c
compiling cache.c
compiling cache8.c
compiling dump.c
compiling err.c
compiling gen_load.c
compiling hash_load.c
compiling obj_load.c
compiling ox.c
compiling parse.c
compiling sax.c
compiling sax_as.c
compiling sax_buf.c
compiling sax_hint.c
compiling special.c
linking shared-object ox.so

current directory: /workspace/rails_app/transport/box/gems/ox-2.10.0/ext/ox
make "DESTDIR=" install
/usr/bin/install -c -m 0755 ox.so ./.gem.20181203-10-1qf6qlq
